<?xml version="1.0" encoding="UTF-8"?>
<!-- Generated by org.testng.reporters.JUnitXMLReporter -->
<testsuite hostname="LAPTOP-35Q8O8RF" ignored="26" tests="0" failures="0" timestamp="30 Sep 2019 07:15:32 GMT" time="0.002" errors="0">
  <testcase name="fpcx3" time="0.0" classname="com.shuzutech.cases.FPCX">
    <ignored/>
  </testcase> <!-- fpcx3 -->
  <testcase name="fpcx4" time="0.0" classname="com.shuzutech.cases.FPCX">
    <ignored/>
  </testcase> <!-- fpcx4 -->
  <testcase name="fpcx5" time="0.0" classname="com.shuzutech.cases.FPCX">
    <ignored/>
  </testcase> <!-- fpcx5 -->
  <testcase name="qyxxcx" time="0.0" classname="com.shuzutech.cases.QYXXCX">
    <ignored/>
  </testcase> <!-- qyxxcx -->
  <testcase name="fpcx6" time="0.0" classname="com.shuzutech.cases.FPCX">
    <ignored/>
  </testcase> <!-- fpcx6 -->
  <testcase name="aicode2" time="0.0" classname="com.shuzutech.cases.AICODE">
    <ignored/>
  </testcase> <!-- aicode2 -->
  <testcase name="fpcx1" time="0.0" classname="com.shuzutech.cases.FPCX">
    <ignored/>
  </testcase> <!-- fpcx1 -->
  <testcase name="fpcx2" time="0.0" classname="com.shuzutech.cases.FPCX">
    <ignored/>
  </testcase> <!-- fpcx2 -->
  <testcase name="aicode1" time="0.0" classname="com.shuzutech.cases.AICODE">
    <ignored/>
  </testcase> <!-- aicode1 -->
  <testcase name="fpcx" time="0.0" classname="com.shuzutech.cases.FPCX">
    <ignored/>
  </testcase> <!-- fpcx -->
  <testcase name="dqfpxx2" time="0.0" classname="com.shuzutech.cases.DQFPXX">
    <ignored/>
  </testcase> <!-- dqfpxx2 -->
  <testcase name="dqfpxx4" time="0.0" classname="com.shuzutech.cases.DQFPXX">
    <ignored/>
  </testcase> <!-- dqfpxx4 -->
  <testcase name="dqfpxx3" time="0.0" classname="com.shuzutech.cases.DQFPXX">
    <ignored/>
  </testcase> <!-- dqfpxx3 -->
  <testcase name="termaryQuery" time="0.0" classname="com.shuzutech.cases.TermaryQuery">
    <ignored/>
  </testcase> <!-- termaryQuery -->
  <testcase name="cxsbzt1" time="0.0" classname="com.shuzutech.cases.CXSBZT">
    <ignored/>
  </testcase> <!-- cxsbzt1 -->
  <testcase name="qyxxcx2" time="0.0" classname="com.shuzutech.cases.QYXXCX">
    <ignored/>
  </testcase> <!-- qyxxcx2 -->
  <testcase name="cxsbzt2" time="0.0" classname="com.shuzutech.cases.CXSBZT">
    <ignored/>
  </testcase> <!-- cxsbzt2 -->
  <testcase name="qyxxcx1" time="0.0" classname="com.shuzutech.cases.QYXXCX">
    <ignored/>
  </testcase> <!-- qyxxcx1 -->
  <testcase name="dqfpxx" time="0.0" classname="com.shuzutech.cases.DQFPXX">
    <ignored/>
  </testcase> <!-- dqfpxx -->
  <testcase name="aicode" time="0.0" classname="com.shuzutech.cases.AICODE">
    <ignored/>
  </testcase> <!-- aicode -->
  <testcase name="cxsbzt" time="0.0" classname="com.shuzutech.cases.CXSBZT">
    <ignored/>
  </testcase> <!-- cxsbzt -->
  <testcase name="tjxxcx4" time="0.0" classname="com.shuzutech.cases.TJXXCX">
    <ignored/>
  </testcase> <!-- tjxxcx4 -->
  <testcase name="qyttxxcx" time="0.0" classname="com.shuzutech.cases.QYTTXXCX">
    <ignored/>
  </testcase> <!-- qyttxxcx -->
  <testcase name="tjxxcx" time="0.0" classname="com.shuzutech.cases.TJXXCX">
    <ignored/>
  </testcase> <!-- tjxxcx -->
  <testcase name="tjxxcx2" time="0.0" classname="com.shuzutech.cases.TJXXCX">
    <ignored/>
  </testcase> <!-- tjxxcx2 -->
  <testcase name="tjxxcx3" time="0.0" classname="com.shuzutech.cases.TJXXCX">
    <ignored/>
  </testcase> <!-- tjxxcx3 -->
</testsuite>
