<?xml version="1.0" encoding="UTF-8"?>
<!-- Generated by org.testng.reporters.JUnitXMLReporter -->
<testsuite hostname="LAPTOP-35Q8O8RF" ignored="9" tests="0" failures="0" timestamp="08 Sep 2019 03:38:29 GMT" time="0.002" errors="0">
  <testcase name="fpcx3" time="0.0" classname="com.shuzutech.cases.FPCX">
    <ignored/>
  </testcase> <!-- fpcx3 -->
  <testcase name="fpcx4" time="0.0" classname="com.shuzutech.cases.FPCX">
    <ignored/>
  </testcase> <!-- fpcx4 -->
  <testcase name="fpcx5" time="0.0" classname="com.shuzutech.cases.FPCX">
    <ignored/>
  </testcase> <!-- fpcx5 -->
  <testcase name="fpcx6" time="0.0" classname="com.shuzutech.cases.FPCX">
    <ignored/>
  </testcase> <!-- fpcx6 -->
  <testcase name="fpcx1" time="0.0" classname="com.shuzutech.cases.FPCX">
    <ignored/>
  </testcase> <!-- fpcx1 -->
  <testcase name="fpcx2" time="0.0" classname="com.shuzutech.cases.FPCX">
    <ignored/>
  </testcase> <!-- fpcx2 -->
  <testcase name="cxsbzt" time="0.0" classname="com.shuzutech.cases.CXSBZT">
    <ignored/>
  </testcase> <!-- cxsbzt -->
  <testcase name="fpcx" time="0.0" classname="com.shuzutech.cases.FPCX">
    <ignored/>
  </testcase> <!-- fpcx -->
  <testcase name="termaryQuery" time="0.0" classname="com.shuzutech.cases.TermaryQuery">
    <ignored/>
  </testcase> <!-- termaryQuery -->
</testsuite>
